Management.obj : error LNK2005: "char * month_table" (?month_table@@3PADA) already defined in Admission_Profile.obj
Management.obj : error LNK2005: "char * leap_month_table" (?leap_month_table@@3PADA) already defined in Admission_Profile.obj
Management_Room.obj : error LNK2005: "void __cdecl Confict_line(int,int,int,int,int,int,int,int,int)" (?Confict_line@@YAXHHHHHHHHH@Z) already defined in Management.obj
Management_Room.obj : error LNK2005: "void __cdecl Hcn(int,int,int,int,int)" (?Hcn@@YAXHHHHH@Z) already defined in Management.obj
Management_Room.obj : error LNK2005: "void __cdecl Hien_thi_danh_sach(struct std::pair<struct std::pair<int,int>,class std::basic_string<char,struct std::char_traits<char>,class std::allocator<char> > > * const,int)" (?Hien_thi_danh_sach@@YAXQEAU?$pair@U?$pair@HH@std@@V?$basic_string@DU?$char_traits@D@std@@V?$allocator@D@2@@2@@std@@H@Z) already defined in Management.obj
Management_Room.obj : error LNK2005: "void __cdecl Introduction(void)" (?Introduction@@YAXXZ) already defined in Management.obj
Management_Room.obj : error LNK2005: "void __cdecl Khoi_tao(void)" (?Khoi_tao@@YAXXZ) already defined in Management.obj
Management_Room.obj : error LNK2005: "void __cdecl Khoi_tao_cac_danh_sach(void)" (?Khoi_tao_cac_danh_sach@@YAXXZ) already defined in Management.obj
Management_Room.obj : error LNK2005: "void __cdecl Line(int,int,int,int,int,bool)" (?Line@@YAXHHHHH_N@Z) already defined in Management.obj
Management_Room.obj : error LNK2005: "void __cdecl Not_Found(void)" (?Not_Found@@YAXXZ) already defined in Management.obj
Management_Room.obj : error LNK2005: "void __cdecl To_mau_mot_doi_tuong(class Doubly_Linked_List<class Student> &,int,int,int)" (?To_mau_mot_doi_tuong@@YAXAEAV?$Doubly_Linked_List@VStudent@@@@HHH@Z) already defined in Management.obj
Management_Room.obj : error LNK2005: "void __cdecl Ve_mot_trang(int,int,class Doubly_Linked_List<class Student> &,int)" (?Ve_mot_trang@@YAXHHAEAV?$Doubly_Linked_List@VStudent@@@@H@Z) already defined in Management.obj
Management_Room.obj : error LNK2005: "void __cdecl Ve_nhieu_trang(class Doubly_Linked_List<class Student> &)" (?Ve_nhieu_trang@@YAXAEAV?$Doubly_Linked_List@VStudent@@@@@Z) already defined in Management.obj
Management_Room.obj : error LNK2005: "int __cdecl Ve_nhieu_trang_chon(class Doubly_Linked_List<class Student> &,bool &,bool &)" (?Ve_nhieu_trang_chon@@YAHAEAV?$Doubly_Linked_List@VStudent@@@@AEA_N1@Z) already defined in Management.obj
Management_Room.obj : error LNK2005: "void __cdecl Xoa_o(int,int,int,int,int)" (?Xoa_o@@YAXHHHHH@Z) already defined in Management.obj
Management_Room.obj : error LNK2005: "int __cdecl bat_su_kien(struct std::pair<struct std::pair<int,int>,class std::basic_string<char,struct std::char_traits<char>,class std::allocator<char> > > * const,int)" (?bat_su_kien@@YAHQEAU?$pair@U?$pair@HH@std@@V?$basic_string@DU?$char_traits@D@std@@V?$allocator@D@2@@2@@std@@H@Z) already defined in Management.obj
Management_Room.obj : error LNK2005: "void __cdecl huong_dan(void)" (?huong_dan@@YAXXZ) already defined in Management.obj
Management_Room.obj : error LNK2005: "void __cdecl khung(void)" (?khung@@YAXXZ) already defined in Management.obj
Management_Room.obj : error LNK2005: "void __cdecl khung_chon(void)" (?khung_chon@@YAXXZ) already defined in Management.obj
Management_Room.obj : error LNK2005: "char * month_table" (?month_table@@3PADA) already defined in Admission_Profile.obj
Management_Room.obj : error LNK2005: "char * leap_month_table" (?leap_month_table@@3PADA) already defined in Admission_Profile.obj
Management_Room.obj : error LNK2005: "struct std::pair<struct std::pair<int,int>,class std::basic_string<char,struct std::char_traits<char>,class std::allocator<char> > > * arr_1" (?arr_1@@3PAU?$pair@U?$pair@HH@std@@V?$basic_string@DU?$char_traits@D@std@@V?$allocator@D@2@@2@@std@@A) already defined in Management.obj
Management_Room.obj : error LNK2005: "struct std::pair<struct std::pair<int,int>,class std::basic_string<char,struct std::char_traits<char>,class std::allocator<char> > > * arr_Student" (?arr_Student@@3PAU?$pair@U?$pair@HH@std@@V?$basic_string@DU?$char_traits@D@std@@V?$allocator@D@2@@2@@std@@A) already defined in Management.obj
Management_Room.obj : error LNK2005: "struct std::pair<struct std::pair<int,int>,class std::basic_string<char,struct std::char_traits<char>,class std::allocator<char> > > * arr_Room" (?arr_Room@@3PAU?$pair@U?$pair@HH@std@@V?$basic_string@DU?$char_traits@D@std@@V?$allocator@D@2@@2@@std@@A) already defined in Management.obj
Management_Room.obj : error LNK2005: "struct std::pair<struct std::pair<int,int>,class std::basic_string<char,struct std::char_traits<char>,class std::allocator<char> > > * arr_Profile" (?arr_Profile@@3PAU?$pair@U?$pair@HH@std@@V?$basic_string@DU?$char_traits@D@std@@V?$allocator@D@2@@2@@std@@A) already defined in Management.obj
Management_Room.obj : error LNK2005: "struct std::pair<struct std::pair<int,int>,class std::basic_string<char,struct std::char_traits<char>,class std::allocator<char> > > * arr_Card" (?arr_Card@@3PAU?$pair@U?$pair@HH@std@@V?$basic_string@DU?$char_traits@D@std@@V?$allocator@D@2@@2@@std@@A) already defined in Management.obj
Management_Room.obj : error LNK2005: "struct std::pair<struct std::pair<int,int>,class std::basic_string<char,struct std::char_traits<char>,class std::allocator<char> > > * arr_find" (?arr_find@@3PAU?$pair@U?$pair@HH@std@@V?$basic_string@DU?$char_traits@D@std@@V?$allocator@D@2@@2@@std@@A) already defined in Management.obj
Management_Student.obj : error LNK2005: "void __cdecl Confict_line(int,int,int,int,int,int,int,int,int)" (?Confict_line@@YAXHHHHHHHHH@Z) already defined in Management.obj
Management_Student.obj : error LNK2005: "void __cdecl Hcn(int,int,int,int,int)" (?Hcn@@YAXHHHHH@Z) already defined in Management.obj
Management_Student.obj : error LNK2005: "void __cdecl Hien_thi_danh_sach(struct std::pair<struct std::pair<int,int>,class std::basic_string<char,struct std::char_traits<char>,class std::allocator<char> > > * const,int)" (?Hien_thi_danh_sach@@YAXQEAU?$pair@U?$pair@HH@std@@V?$basic_string@DU?$char_traits@D@std@@V?$allocator@D@2@@2@@std@@H@Z) already defined in Management.obj
Management_Student.obj : error LNK2005: "void __cdecl Introduction(void)" (?Introduction@@YAXXZ) already defined in Management.obj
Management_Student.obj : error LNK2005: "void __cdecl Khoi_tao(void)" (?Khoi_tao@@YAXXZ) already defined in Management.obj
Management_Student.obj : error LNK2005: "void __cdecl Khoi_tao_cac_danh_sach(void)" (?Khoi_tao_cac_danh_sach@@YAXXZ) already defined in Management.obj
Management_Student.obj : error LNK2005: "void __cdecl Line(int,int,int,int,int,bool)" (?Line@@YAXHHHHH_N@Z) already defined in Management.obj
Management_Student.obj : error LNK2005: "void __cdecl Not_Found(void)" (?Not_Found@@YAXXZ) already defined in Management.obj
Management_Student.obj : error LNK2005: "void __cdecl To_mau_mot_doi_tuong(class Doubly_Linked_List<class Student> &,int,int,int)" (?To_mau_mot_doi_tuong@@YAXAEAV?$Doubly_Linked_List@VStudent@@@@HHH@Z) already defined in Management.obj
Management_Student.obj : error LNK2005: "void __cdecl Ve_mot_trang(int,int,class Doubly_Linked_List<class Student> &,int)" (?Ve_mot_trang@@YAXHHAEAV?$Doubly_Linked_List@VStudent@@@@H@Z) already defined in Management.obj
Management_Student.obj : error LNK2005: "void __cdecl Ve_nhieu_trang(class Doubly_Linked_List<class Student> &)" (?Ve_nhieu_trang@@YAXAEAV?$Doubly_Linked_List@VStudent@@@@@Z) already defined in Management.obj
Management_Student.obj : error LNK2005: "int __cdecl Ve_nhieu_trang_chon(class Doubly_Linked_List<class Student> &,bool &,bool &)" (?Ve_nhieu_trang_chon@@YAHAEAV?$Doubly_Linked_List@VStudent@@@@AEA_N1@Z) already defined in Management.obj
Management_Student.obj : error LNK2005: "void __cdecl Xoa_o(int,int,int,int,int)" (?Xoa_o@@YAXHHHHH@Z) already defined in Management.obj
Management_Student.obj : error LNK2005: "int __cdecl bat_su_kien(struct std::pair<struct std::pair<int,int>,class std::basic_string<char,struct std::char_traits<char>,class std::allocator<char> > > * const,int)" (?bat_su_kien@@YAHQEAU?$pair@U?$pair@HH@std@@V?$basic_string@DU?$char_traits@D@std@@V?$allocator@D@2@@2@@std@@H@Z) already defined in Management.obj
Management_Student.obj : error LNK2005: "void __cdecl huong_dan(void)" (?huong_dan@@YAXXZ) already defined in Management.obj
Management_Student.obj : error LNK2005: "void __cdecl khung(void)" (?khung@@YAXXZ) already defined in Management.obj
Management_Student.obj : error LNK2005: "void __cdecl khung_chon(void)" (?khung_chon@@YAXXZ) already defined in Management.obj
Management_Student.obj : error LNK2005: "char * month_table" (?month_table@@3PADA) already defined in Admission_Profile.obj
Management_Student.obj : error LNK2005: "char * leap_month_table" (?leap_month_table@@3PADA) already defined in Admission_Profile.obj
Management_Student.obj : error LNK2005: "struct std::pair<struct std::pair<int,int>,class std::basic_string<char,struct std::char_traits<char>,class std::allocator<char> > > * arr_1" (?arr_1@@3PAU?$pair@U?$pair@HH@std@@V?$basic_string@DU?$char_traits@D@std@@V?$allocator@D@2@@2@@std@@A) already defined in Management.obj
Management_Student.obj : error LNK2005: "struct std::pair<struct std::pair<int,int>,class std::basic_string<char,struct std::char_traits<char>,class std::allocator<char> > > * arr_Student" (?arr_Student@@3PAU?$pair@U?$pair@HH@std@@V?$basic_string@DU?$char_traits@D@std@@V?$allocator@D@2@@2@@std@@A) already defined in Management.obj
Management_Student.obj : error LNK2005: "struct std::pair<struct std::pair<int,int>,class std::basic_string<char,struct std::char_traits<char>,class std::allocator<char> > > * arr_Room" (?arr_Room@@3PAU?$pair@U?$pair@HH@std@@V?$basic_string@DU?$char_traits@D@std@@V?$allocator@D@2@@2@@std@@A) already defined in Management.obj
Management_Student.obj : error LNK2005: "struct std::pair<struct std::pair<int,int>,class std::basic_string<char,struct std::char_traits<char>,class std::allocator<char> > > * arr_Profile" (?arr_Profile@@3PAU?$pair@U?$pair@HH@std@@V?$basic_string@DU?$char_traits@D@std@@V?$allocator@D@2@@2@@std@@A) already defined in Management.obj
Management_Student.obj : error LNK2005: "struct std::pair<struct std::pair<int,int>,class std::basic_string<char,struct std::char_traits<char>,class std::allocator<char> > > * arr_Card" (?arr_Card@@3PAU?$pair@U?$pair@HH@std@@V?$basic_string@DU?$char_traits@D@std@@V?$allocator@D@2@@2@@std@@A) already defined in Management.obj
Management_Student.obj : error LNK2005: "struct std::pair<struct std::pair<int,int>,class std::basic_string<char,struct std::char_traits<char>,class std::allocator<char> > > * arr_find" (?arr_find@@3PAU?$pair@U?$pair@HH@std@@V?$basic_string@DU?$char_traits@D@std@@V?$allocator@D@2@@2@@std@@A) already defined in Management.obj
Room.obj : error LNK2005: "void __cdecl Confict_line(int,int,int,int,int,int,int,int,int)" (?Confict_line@@YAXHHHHHHHHH@Z) already defined in Management.obj
Room.obj : error LNK2005: "void __cdecl Hcn(int,int,int,int,int)" (?Hcn@@YAXHHHHH@Z) already defined in Management.obj
Room.obj : error LNK2005: "void __cdecl Hien_thi_danh_sach(struct std::pair<struct std::pair<int,int>,class std::basic_string<char,struct std::char_traits<char>,class std::allocator<char> > > * const,int)" (?Hien_thi_danh_sach@@YAXQEAU?$pair@U?$pair@HH@std@@V?$basic_string@DU?$char_traits@D@std@@V?$allocator@D@2@@2@@std@@H@Z) already defined in Management.obj
Room.obj : error LNK2005: "void __cdecl Introduction(void)" (?Introduction@@YAXXZ) already defined in Management.obj
Room.obj : error LNK2005: "void __cdecl Khoi_tao(void)" (?Khoi_tao@@YAXXZ) already defined in Management.obj
Room.obj : error LNK2005: "void __cdecl Khoi_tao_cac_danh_sach(void)" (?Khoi_tao_cac_danh_sach@@YAXXZ) already defined in Management.obj
Room.obj : error LNK2005: "void __cdecl Line(int,int,int,int,int,bool)" (?Line@@YAXHHHHH_N@Z) already defined in Management.obj
Room.obj : error LNK2005: "void __cdecl Not_Found(void)" (?Not_Found@@YAXXZ) already defined in Management.obj
Room.obj : error LNK2005: "void __cdecl To_mau_mot_doi_tuong(class Doubly_Linked_List<class Student> &,int,int,int)" (?To_mau_mot_doi_tuong@@YAXAEAV?$Doubly_Linked_List@VStudent@@@@HHH@Z) already defined in Management.obj
Room.obj : error LNK2005: "void __cdecl Ve_mot_trang(int,int,class Doubly_Linked_List<class Student> &,int)" (?Ve_mot_trang@@YAXHHAEAV?$Doubly_Linked_List@VStudent@@@@H@Z) already defined in Management.obj
Room.obj : error LNK2005: "void __cdecl Ve_nhieu_trang(class Doubly_Linked_List<class Student> &)" (?Ve_nhieu_trang@@YAXAEAV?$Doubly_Linked_List@VStudent@@@@@Z) already defined in Management.obj
Room.obj : error LNK2005: "int __cdecl Ve_nhieu_trang_chon(class Doubly_Linked_List<class Student> &,bool &,bool &)" (?Ve_nhieu_trang_chon@@YAHAEAV?$Doubly_Linked_List@VStudent@@@@AEA_N1@Z) already defined in Management.obj
Room.obj : error LNK2005: "void __cdecl Xoa_o(int,int,int,int,int)" (?Xoa_o@@YAXHHHHH@Z) already defined in Management.obj
Room.obj : error LNK2005: "int __cdecl bat_su_kien(struct std::pair<struct std::pair<int,int>,class std::basic_string<char,struct std::char_traits<char>,class std::allocator<char> > > * const,int)" (?bat_su_kien@@YAHQEAU?$pair@U?$pair@HH@std@@V?$basic_string@DU?$char_traits@D@std@@V?$allocator@D@2@@2@@std@@H@Z) already defined in Management.obj
Room.obj : error LNK2005: "void __cdecl huong_dan(void)" (?huong_dan@@YAXXZ) already defined in Management.obj
Room.obj : error LNK2005: "void __cdecl khung(void)" (?khung@@YAXXZ) already defined in Management.obj
Room.obj : error LNK2005: "void __cdecl khung_chon(void)" (?khung_chon@@YAXXZ) already defined in Management.obj
Room.obj : error LNK2005: "char * month_table" (?month_table@@3PADA) already defined in Admission_Profile.obj
Room.obj : error LNK2005: "char * leap_month_table" (?leap_month_table@@3PADA) already defined in Admission_Profile.obj
Room.obj : error LNK2005: "struct std::pair<struct std::pair<int,int>,class std::basic_string<char,struct std::char_traits<char>,class std::allocator<char> > > * arr_1" (?arr_1@@3PAU?$pair@U?$pair@HH@std@@V?$basic_string@DU?$char_traits@D@std@@V?$allocator@D@2@@2@@std@@A) already defined in Management.obj
Room.obj : error LNK2005: "struct std::pair<struct std::pair<int,int>,class std::basic_string<char,struct std::char_traits<char>,class std::allocator<char> > > * arr_Student" (?arr_Student@@3PAU?$pair@U?$pair@HH@std@@V?$basic_string@DU?$char_traits@D@std@@V?$allocator@D@2@@2@@std@@A) already defined in Management.obj
Room.obj : error LNK2005: "struct std::pair<struct std::pair<int,int>,class std::basic_string<char,struct std::char_traits<char>,class std::allocator<char> > > * arr_Room" (?arr_Room@@3PAU?$pair@U?$pair@HH@std@@V?$basic_string@DU?$char_traits@D@std@@V?$allocator@D@2@@2@@std@@A) already defined in Management.obj
Room.obj : error LNK2005: "struct std::pair<struct std::pair<int,int>,class std::basic_string<char,struct std::char_traits<char>,class std::allocator<char> > > * arr_Profile" (?arr_Profile@@3PAU?$pair@U?$pair@HH@std@@V?$basic_string@DU?$char_traits@D@std@@V?$allocator@D@2@@2@@std@@A) already defined in Management.obj
Room.obj : error LNK2005: "struct std::pair<struct std::pair<int,int>,class std::basic_string<char,struct std::char_traits<char>,class std::allocator<char> > > * arr_Card" (?arr_Card@@3PAU?$pair@U?$pair@HH@std@@V?$basic_string@DU?$char_traits@D@std@@V?$allocator@D@2@@2@@std@@A) already defined in Management.obj
Room.obj : error LNK2005: "struct std::pair<struct std::pair<int,int>,class std::basic_string<char,struct std::char_traits<char>,class std::allocator<char> > > * arr_find" (?arr_find@@3PAU?$pair@U?$pair@HH@std@@V?$basic_string@DU?$char_traits@D@std@@V?$allocator@D@2@@2@@std@@A) already defined in Management.obj
Student.obj : error LNK2005: "char * month_table" (?month_table@@3PADA) already defined in Admission_Profile.obj
Student.obj : error LNK2005: "char * leap_month_table" (?leap_month_table@@3PADA) already defined in Admission_Profile.obj
Student_Profile.obj : error LNK2005: "char * month_table" (?month_table@@3PADA) already defined in Admission_Profile.obj
Student_Profile.obj : error LNK2005: "char * leap_month_table" (?leap_month_table@@3PADA) already defined in Admission_Profile.obj
D:\PBL2\x64\Debug\Management_Dormitory.exe : fatal error LNK1169: one or more multiply defined symbols found
